2002.06.10 14:28 B C:\Documents and Settings\Janet\My Documents\My Art\werld\hungry\01.gif --> www3.sympatico.ca /werld/hungry 01.gif
2002.06.10 14:28 B C:\Documents and Settings\Janet\My Documents\My Art\werld\hungry\02.gif --> www3.sympatico.ca /werld/hungry 02.gif
2002.06.10 14:28 B C:\Documents and Settings\Janet\My Documents\My Art\werld\hungry\03.gif --> www3.sympatico.ca /werld/hungry 03.gif
2002.06.10 14:28 B C:\Documents and Settings\Janet\My Documents\My Art\werld\hungry\04.gif --> www3.sympatico.ca /werld/hungry 04.gif
2002.06.10 14:28 B C:\Documents and Settings\Janet\My Documents\My Art\werld\hungry\05.gif --> www3.sympatico.ca /werld/hungry 05.gif
2002.06.10 14:28 B C:\Documents and Settings\Janet\My Documents\My Art\werld\hungry\06.gif --> www3.sympatico.ca /werld/hungry 06.gif
2002.06.10 14:28 B C:\Documents and Settings\Janet\My Documents\My Art\werld\hungry\07.gif --> www3.sympatico.ca /werld/hungry 07.gif
2002.06.10 14:28 B C:\Documents and Settings\Janet\My Documents\My Art\werld\hungry\08.gif --> www3.sympatico.ca /werld/hungry 08.gif
2002.06.10 14:28 B C:\Documents and Settings\Janet\My Documents\My Art\werld\hungry\09.gif --> www3.sympatico.ca /werld/hungry 09.gif
2002.06.10 14:28 B C:\Documents and Settings\Janet\My Documents\My Art\werld\hungry\10.gif --> www3.sympatico.ca /werld/hungry 10.gif
2002.06.10 14:28 B C:\Documents and Settings\Janet\My Documents\My Art\werld\hungry\11.gif --> www3.sympatico.ca /werld/hungry 11.gif
2002.06.10 14:28 B C:\Documents and Settings\Janet\My Documents\My Art\werld\hungry\12.gif --> www3.sympatico.ca /werld/hungry 12.gif
2002.06.10 14:28 B C:\Documents and Settings\Janet\My Documents\My Art\werld\hungry\13.gif --> www3.sympatico.ca /werld/hungry 13.gif
2002.06.10 14:28 B C:\Documents and Settings\Janet\My Documents\My Art\werld\hungry\14.gif --> www3.sympatico.ca /werld/hungry 14.gif
2002.06.10 14:29 B C:\Documents and Settings\Janet\My Documents\My Art\werld\hungry\15.gif --> www3.sympatico.ca /werld/hungry 15.gif
2002.06.10 14:29 B C:\Documents and Settings\Janet\My Documents\My Art\werld\hungry\arrowback.gif --> www3.sympatico.ca /werld/hungry arrowback.gif
2002.06.10 14:29 B C:\Documents and Settings\Janet\My Documents\My Art\werld\hungry\arrowfwd.gif --> www3.sympatico.ca /werld/hungry arrowfwd.gif
2002.06.10 14:29 B C:\Documents and Settings\Janet\My Documents\My Art\werld\hungry\clearpixel.gif --> www3.sympatico.ca /werld/hungry clearpixel.gif
2002.06.10 14:29 B C:\Documents and Settings\Janet\My Documents\My Art\werld\hungry\cover.gif --> www3.sympatico.ca /werld/hungry cover.gif
2002.06.10 14:29 B C:\Documents and Settings\Janet\My Documents\My Art\werld\hungry\end.gif --> www3.sympatico.ca /werld/hungry end.gif
2002.06.10 14:29 B C:\Documents and Settings\Janet\My Documents\My Art\werld\hungry\index.html --> www3.sympatico.ca /werld/hungry index.html
2002.06.10 14:29 B C:\Documents and Settings\Janet\My Documents\My Art\werld\hungry\pg1.html --> www3.sympatico.ca /werld/hungry pg1.html
2002.06.10 14:29 B C:\Documents and Settings\Janet\My Documents\My Art\werld\hungry\pg2.html --> www3.sympatico.ca /werld/hungry pg2.html
2002.06.10 14:29 B C:\Documents and Settings\Janet\My Documents\My Art\werld\hungry\pg3.html --> www3.sympatico.ca /werld/hungry pg3.html
2002.06.10 14:29 B C:\Documents and Settings\Janet\My Documents\My Art\werld\hungry\pg4.html --> www3.sympatico.ca /werld/hungry pg4.html
2002.06.10 14:29 B C:\Documents and Settings\Janet\My Documents\My Art\werld\hungry\pg5.html --> www3.sympatico.ca /werld/hungry pg5.html
2002.06.10 14:29 B C:\Documents and Settings\Janet\My Documents\My Art\werld\hungry\pg6.html --> www3.sympatico.ca /werld/hungry pg6.html
2002.06.10 14:29 B C:\Documents and Settings\Janet\My Documents\My Art\werld\hungry\pg7.html --> www3.sympatico.ca /werld/hungry pg7.html
2002.06.10 14:29 B C:\Documents and Settings\Janet\My Documents\My Art\werld\hungry\pg8.html --> www3.sympatico.ca /werld/hungry pg8.html
2002.06.10 14:29 B C:\Documents and Settings\Janet\My Documents\My Art\werld\hungry\Thumbs.db --> www3.sympatico.ca /werld/hungry Thumbs.db
2002.06.10 14:29 B C:\Documents and Settings\Janet\My Documents\My Art\werld\hungry\title.gif --> www3.sympatico.ca /werld/hungry title.gif
2002.06.10 14:34 B C:\Documents and Settings\Janet\My Documents\My Art\werld\hungry\index.html --> www3.sympatico.ca /werld/hungry index.html
