2002.08.24 17:13 B C:\Documents and Settings\Janet\My Documents\My Art\newthing\episodes\badjoke1.html --> www3.sympatico.ca /newthing/episodes badjoke1.html
2002.08.24 17:13 B C:\Documents and Settings\Janet\My Documents\My Art\newthing\episodes\index.html --> www3.sympatico.ca /newthing/episodes index.html
2002.08.24 17:13 B C:\Documents and Settings\Janet\My Documents\My Art\newthing\episodes\lies.html --> www3.sympatico.ca /newthing/episodes lies.html
2002.08.24 17:13 B C:\Documents and Settings\Janet\My Documents\My Art\newthing\episodes\log1.html --> www3.sympatico.ca /newthing/episodes log1.html
2002.08.24 17:13 B C:\Documents and Settings\Janet\My Documents\My Art\newthing\episodes\log2.html --> www3.sympatico.ca /newthing/episodes log2.html
2002.08.24 17:13 B C:\Documents and Settings\Janet\My Documents\My Art\newthing\episodes\log3.html --> www3.sympatico.ca /newthing/episodes log3.html
2002.08.24 17:13 B C:\Documents and Settings\Janet\My Documents\My Art\newthing\episodes\menu.html --> www3.sympatico.ca /newthing/episodes menu.html
2002.08.24 17:13 B C:\Documents and Settings\Janet\My Documents\My Art\newthing\episodes\mystery7up.html --> www3.sympatico.ca /newthing/episodes mystery7up.html
2002.08.24 17:13 B C:\Documents and Settings\Janet\My Documents\My Art\newthing\episodes\stupid1.html --> www3.sympatico.ca /newthing/episodes stupid1.html
2002.08.24 17:13 B C:\Documents and Settings\Janet\My Documents\My Art\newthing\episodes\stupid2.html --> www3.sympatico.ca /newthing/episodes stupid2.html
2002.08.24 17:13 B C:\Documents and Settings\Janet\My Documents\My Art\newthing\episodes\stupid3.html --> www3.sympatico.ca /newthing/episodes stupid3.html
2002.08.24 17:13 B C:\Documents and Settings\Janet\My Documents\My Art\newthing\episodes\stupid4.html --> www3.sympatico.ca /newthing/episodes stupid4.html
2002.08.24 17:13 B C:\Documents and Settings\Janet\My Documents\My Art\newthing\episodes\templatepage.html --> www3.sympatico.ca /newthing/episodes templatepage.html
2002.08.24 17:13 B C:\Documents and Settings\Janet\My Documents\My Art\newthing\episodes\tip2.html --> www3.sympatico.ca /newthing/episodes tip2.html
2002.08.24 17:13 B C:\Documents and Settings\Janet\My Documents\My Art\newthing\episodes\tip5.html --> www3.sympatico.ca /newthing/episodes tip5.html
2002.08.24 17:13 B C:\Documents and Settings\Janet\My Documents\My Art\newthing\episodes\tip8.html --> www3.sympatico.ca /newthing/episodes tip8.html
2002.08.24 17:13 B C:\Documents and Settings\Janet\My Documents\My Art\newthing\episodes\worldvision2002.html --> www3.sympatico.ca /newthing/episodes worldvision2002.html
2004.02.04 12:17 B N:\My Documents\Unrared\My Geek Stuff\My Art\newthing\episodes\badjoke1.html --> ftp.goneretro.com /public_html/Unrared/My Geek Stuff/My Art/newthing/episodes badjoke1.html
2004.02.04 12:17 B N:\My Documents\Unrared\My Geek Stuff\My Art\newthing\episodes\index.html --> ftp.goneretro.com /public_html/Unrared/My Geek Stuff/My Art/newthing/episodes index.html
2004.02.04 12:17 B N:\My Documents\Unrared\My Geek Stuff\My Art\newthing\episodes\lies.html --> ftp.goneretro.com /public_html/Unrared/My Geek Stuff/My Art/newthing/episodes lies.html
2004.02.04 12:17 B N:\My Documents\Unrared\My Geek Stuff\My Art\newthing\episodes\log1.html --> ftp.goneretro.com /public_html/Unrared/My Geek Stuff/My Art/newthing/episodes log1.html
2004.02.04 12:17 B N:\My Documents\Unrared\My Geek Stuff\My Art\newthing\episodes\log2.html --> ftp.goneretro.com /public_html/Unrared/My Geek Stuff/My Art/newthing/episodes log2.html
2004.02.04 12:17 B N:\My Documents\Unrared\My Geek Stuff\My Art\newthing\episodes\log3.html --> ftp.goneretro.com /public_html/Unrared/My Geek Stuff/My Art/newthing/episodes log3.html
2004.02.04 12:17 B N:\My Documents\Unrared\My Geek Stuff\My Art\newthing\episodes\menu.html --> ftp.goneretro.com /public_html/Unrared/My Geek Stuff/My Art/newthing/episodes menu.html
2004.02.04 12:17 B N:\My Documents\Unrared\My Geek Stuff\My Art\newthing\episodes\mystery7up.html --> ftp.goneretro.com /public_html/Unrared/My Geek Stuff/My Art/newthing/episodes mystery7up.html
2004.02.04 12:17 B N:\My Documents\Unrared\My Geek Stuff\My Art\newthing\episodes\stupid1.html --> ftp.goneretro.com /public_html/Unrared/My Geek Stuff/My Art/newthing/episodes stupid1.html
2004.02.04 12:17 B N:\My Documents\Unrared\My Geek Stuff\My Art\newthing\episodes\stupid2.html --> ftp.goneretro.com /public_html/Unrared/My Geek Stuff/My Art/newthing/episodes stupid2.html
2004.02.04 12:17 B N:\My Documents\Unrared\My Geek Stuff\My Art\newthing\episodes\stupid3.html --> ftp.goneretro.com /public_html/Unrared/My Geek Stuff/My Art/newthing/episodes stupid3.html
2004.02.04 12:17 B N:\My Documents\Unrared\My Geek Stuff\My Art\newthing\episodes\stupid4.html --> ftp.goneretro.com /public_html/Unrared/My Geek Stuff/My Art/newthing/episodes stupid4.html
2004.02.04 12:17 B N:\My Documents\Unrared\My Geek Stuff\My Art\newthing\episodes\templatepage.html --> ftp.goneretro.com /public_html/Unrared/My Geek Stuff/My Art/newthing/episodes templatepage.html
2004.02.04 12:17 B N:\My Documents\Unrared\My Geek Stuff\My Art\newthing\episodes\tip2.html --> ftp.goneretro.com /public_html/Unrared/My Geek Stuff/My Art/newthing/episodes tip2.html
2004.02.04 12:17 B N:\My Documents\Unrared\My Geek Stuff\My Art\newthing\episodes\tip5.html --> ftp.goneretro.com /public_html/Unrared/My Geek Stuff/My Art/newthing/episodes tip5.html
2004.02.04 12:17 B N:\My Documents\Unrared\My Geek Stuff\My Art\newthing\episodes\tip8.html --> ftp.goneretro.com /public_html/Unrared/My Geek Stuff/My Art/newthing/episodes tip8.html
2004.02.04 12:17 B N:\My Documents\Unrared\My Geek Stuff\My Art\newthing\episodes\worldvision2002.html --> ftp.goneretro.com /public_html/Unrared/My Geek Stuff/My Art/newthing/episodes worldvision2002.html
