2002.08.24 17:14 B C:\Documents and Settings\Janet\My Documents\My Art\newthing\banana.gif --> www3.sympatico.ca /newthing banana.gif
2002.08.24 17:14 B C:\Documents and Settings\Janet\My Documents\My Art\newthing\Image1.gif --> www3.sympatico.ca /newthing Image1.gif
2002.08.24 17:14 B C:\Documents and Settings\Janet\My Documents\My Art\newthing\index.html --> www3.sympatico.ca /newthing index.html
2002.08.24 17:14 B C:\Documents and Settings\Janet\My Documents\My Art\newthing\inline.html --> www3.sympatico.ca /newthing inline.html
2002.08.24 17:14 B C:\Documents and Settings\Janet\My Documents\My Art\newthing\main.html --> www3.sympatico.ca /newthing main.html
2002.08.24 17:14 B C:\Documents and Settings\Janet\My Documents\My Art\newthing\mainmenu.html --> www3.sympatico.ca /newthing mainmenu.html
2002.08.24 17:14 B C:\Documents and Settings\Janet\My Documents\My Art\newthing\newbg.gif --> www3.sympatico.ca /newthing newbg.gif
2002.08.24 17:14 B C:\Documents and Settings\Janet\My Documents\My Art\newthing\Notes.txt --> www3.sympatico.ca /newthing Notes.txt
2002.08.24 17:14 B C:\Documents and Settings\Janet\My Documents\My Art\newthing\submenu.html --> www3.sympatico.ca /newthing submenu.html
2002.08.24 17:14 B C:\Documents and Settings\Janet\My Documents\My Art\newthing\submenublank.html --> www3.sympatico.ca /newthing submenublank.html
2002.08.24 17:14 B C:\Documents and Settings\Janet\My Documents\My Art\newthing\templatemenu.html --> www3.sympatico.ca /newthing templatemenu.html
2002.08.24 17:14 B C:\Documents and Settings\Janet\My Documents\My Art\newthing\templatepage.html --> www3.sympatico.ca /newthing templatepage.html
2002.08.24 17:14 B C:\Documents and Settings\Janet\My Documents\My Art\newthing\Thumbs.db --> www3.sympatico.ca /newthing Thumbs.db
2002.08.24 17:14 B C:\Documents and Settings\Janet\My Documents\My Art\newthing\tomato.gif --> www3.sympatico.ca /newthing tomato.gif
2002.08.24 17:14 B C:\Documents and Settings\Janet\My Documents\My Art\newthing\warholbg.gif --> www3.sympatico.ca /newthing warholbg.gif
2002.08.24 17:16 B C:\Documents and Settings\Janet\My Documents\My Art\newthing\tomato.gif --> www3.sympatico.ca / tomato.gif
2004.02.04 12:18 B N:\My Documents\Unrared\My Geek Stuff\My Art\newthing\banana.gif --> ftp.goneretro.com /public_html/Unrared/My Geek Stuff/My Art/newthing banana.gif
2004.02.04 12:18 B N:\My Documents\Unrared\My Geek Stuff\My Art\newthing\Image1.gif --> ftp.goneretro.com /public_html/Unrared/My Geek Stuff/My Art/newthing Image1.gif
2004.02.04 12:18 B N:\My Documents\Unrared\My Geek Stuff\My Art\newthing\index.html --> ftp.goneretro.com /public_html/Unrared/My Geek Stuff/My Art/newthing index.html
2004.02.04 12:18 B N:\My Documents\Unrared\My Geek Stuff\My Art\newthing\inline.html --> ftp.goneretro.com /public_html/Unrared/My Geek Stuff/My Art/newthing inline.html
2004.02.04 12:18 B N:\My Documents\Unrared\My Geek Stuff\My Art\newthing\main.html --> ftp.goneretro.com /public_html/Unrared/My Geek Stuff/My Art/newthing main.html
2004.02.04 12:18 B N:\My Documents\Unrared\My Geek Stuff\My Art\newthing\mainmenu.html --> ftp.goneretro.com /public_html/Unrared/My Geek Stuff/My Art/newthing mainmenu.html
2004.02.04 12:18 B N:\My Documents\Unrared\My Geek Stuff\My Art\newthing\newbg.gif --> ftp.goneretro.com /public_html/Unrared/My Geek Stuff/My Art/newthing newbg.gif
2004.02.04 12:18 B N:\My Documents\Unrared\My Geek Stuff\My Art\newthing\Notes.txt --> ftp.goneretro.com /public_html/Unrared/My Geek Stuff/My Art/newthing Notes.txt
2004.02.04 12:18 B N:\My Documents\Unrared\My Geek Stuff\My Art\newthing\submenu.html --> ftp.goneretro.com /public_html/Unrared/My Geek Stuff/My Art/newthing submenu.html
2004.02.04 12:18 B N:\My Documents\Unrared\My Geek Stuff\My Art\newthing\submenublank.html --> ftp.goneretro.com /public_html/Unrared/My Geek Stuff/My Art/newthing submenublank.html
2004.02.04 12:18 B N:\My Documents\Unrared\My Geek Stuff\My Art\newthing\templatemenu.html --> ftp.goneretro.com /public_html/Unrared/My Geek Stuff/My Art/newthing templatemenu.html
2004.02.04 12:18 B N:\My Documents\Unrared\My Geek Stuff\My Art\newthing\templatepage.html --> ftp.goneretro.com /public_html/Unrared/My Geek Stuff/My Art/newthing templatepage.html
2004.02.04 12:18 B N:\My Documents\Unrared\My Geek Stuff\My Art\newthing\tomato.gif --> ftp.goneretro.com /public_html/Unrared/My Geek Stuff/My Art/newthing tomato.gif
2004.02.04 12:18 B N:\My Documents\Unrared\My Geek Stuff\My Art\newthing\warholbg.gif --> ftp.goneretro.com /public_html/Unrared/My Geek Stuff/My Art/newthing warholbg.gif
