2002.02.08 17:57 B C:\Documents and Settings\Janet\My Documents\My Art\werld\diversions\air-virginsuicides.html --> www3.sympatico.ca /werld/diversions air-virginsuicides.html
2002.02.08 17:57 B C:\Documents and Settings\Janet\My Documents\My Art\werld\diversions\cds.html --> www3.sympatico.ca /werld/diversions cds.html
2002.02.08 17:57 B C:\Documents and Settings\Janet\My Documents\My Art\werld\diversions\dgen-through.html --> www3.sympatico.ca /werld/diversions dgen-through.html
2002.02.08 17:57 B C:\Documents and Settings\Janet\My Documents\My Art\werld\diversions\garbage-beautiful.html --> www3.sympatico.ca /werld/diversions garbage-beautiful.html
2002.02.08 17:57 B C:\Documents and Settings\Janet\My Documents\My Art\werld\diversions\harveypj-tbyml.html --> www3.sympatico.ca /werld/diversions harveypj-tbyml.html
2002.02.08 17:57 B C:\Documents and Settings\Janet\My Documents\My Art\werld\diversions\index.html --> www3.sympatico.ca /werld/diversions index.html
2002.02.08 17:57 B C:\Documents and Settings\Janet\My Documents\My Art\werld\diversions\junos.html --> www3.sympatico.ca /werld/diversions junos.html
2002.02.08 17:57 B C:\Documents and Settings\Janet\My Documents\My Art\werld\diversions\mbm-subliminal.html --> www3.sympatico.ca /werld/diversions mbm-subliminal.html
2002.02.08 17:57 B C:\Documents and Settings\Janet\My Documents\My Art\werld\diversions\mroizo-analog.html --> www3.sympatico.ca /werld/diversions mroizo-analog.html
2002.02.08 17:57 B C:\Documents and Settings\Janet\My Documents\My Art\werld\diversions\nodoubt-rocksteady.html --> www3.sympatico.ca /werld/diversions nodoubt-rocksteady.html
2002.02.08 17:57 B C:\Documents and Settings\Janet\My Documents\My Art\werld\diversions\pm5k-tonight.html --> www3.sympatico.ca /werld/diversions pm5k-tonight.html
2002.02.08 17:57 B C:\Documents and Settings\Janet\My Documents\My Art\werld\diversions\rancid-life.html --> www3.sympatico.ca /werld/diversions rancid-life.html
2002.02.08 18:01 B C:\Documents and Settings\Janet\My Documents\My Art\werld\diversions\WS_FTP.LOG --> www3.sympatico.ca /werld/diversions WS_FTP.LOG
2002.04.08 23:47 B C:\Documents and Settings\Janet\My Documents\My Art\werld\diversions\cds.html --> www3.sympatico.ca /werld/diversions cds.html
2002.04.08 23:47 B C:\Documents and Settings\Janet\My Documents\My Art\werld\diversions\index.html --> www3.sympatico.ca /werld/diversions index.html
2002.04.08 23:47 B C:\Documents and Settings\Janet\My Documents\My Art\werld\diversions\rancid-split.html --> www3.sympatico.ca /werld/diversions rancid-split.html
2002.05.26 21:56 B C:\Documents and Settings\Janet\My Documents\My Art\werld\diversions\cds.html --> www3.sympatico.ca /werld/diversions cds.html
2002.05.26 21:56 B C:\Documents and Settings\Janet\My Documents\My Art\werld\diversions\ex-clothingshow.html --> www3.sympatico.ca /werld/diversions ex-clothingshow.html
2002.05.26 21:56 B C:\Documents and Settings\Janet\My Documents\My Art\werld\diversions\ex-garbage.html --> www3.sympatico.ca /werld/diversions ex-garbage.html
2002.05.26 21:56 B C:\Documents and Settings\Janet\My Documents\My Art\werld\diversions\ex-yokoono.html --> www3.sympatico.ca /werld/diversions ex-yokoono.html
2002.05.26 21:56 B C:\Documents and Settings\Janet\My Documents\My Art\werld\diversions\experiences.html --> www3.sympatico.ca /werld/diversions experiences.html
2002.05.26 21:56 B C:\Documents and Settings\Janet\My Documents\My Art\werld\diversions\index.html --> www3.sympatico.ca /werld/diversions index.html
2002.05.26 21:56 B C:\Documents and Settings\Janet\My Documents\My Art\werld\diversions\reed-transformer.html --> www3.sympatico.ca /werld/diversions reed-transformer.html
2002.06.10 14:30 B C:\Documents and Settings\Janet\My Documents\My Art\werld\diversions\blink-takeoff.html --> www3.sympatico.ca /werld/diversions blink-takeoff.html
2002.06.10 14:30 B C:\Documents and Settings\Janet\My Documents\My Art\werld\diversions\cds.html --> www3.sympatico.ca /werld/diversions cds.html
2002.06.10 14:30 B C:\Documents and Settings\Janet\My Documents\My Art\werld\diversions\index.html --> www3.sympatico.ca /werld/diversions index.html
