2002.08.24 17:13 B C:\Documents and Settings\Janet\My Documents\My Art\newthing\cds\air-virginsuicides.jpg --> www3.sympatico.ca /newthing/cds air-virginsuicides.jpg
2002.08.24 17:13 B C:\Documents and Settings\Janet\My Documents\My Art\newthing\cds\blink-takeoff.jpg --> www3.sympatico.ca /newthing/cds blink-takeoff.jpg
2002.08.24 17:13 B C:\Documents and Settings\Janet\My Documents\My Art\newthing\cds\dgen-through.jpg --> www3.sympatico.ca /newthing/cds dgen-through.jpg
2002.08.24 17:13 B C:\Documents and Settings\Janet\My Documents\My Art\newthing\cds\garbage-beautiful.jpg --> www3.sympatico.ca /newthing/cds garbage-beautiful.jpg
2002.08.24 17:13 B C:\Documents and Settings\Janet\My Documents\My Art\newthing\cds\harveypj-tbyml.jpg --> www3.sympatico.ca /newthing/cds harveypj-tbyml.jpg
2002.08.24 17:13 B C:\Documents and Settings\Janet\My Documents\My Art\newthing\cds\mbm-subliminal.jpg --> www3.sympatico.ca /newthing/cds mbm-subliminal.jpg
2002.08.24 17:13 B C:\Documents and Settings\Janet\My Documents\My Art\newthing\cds\mroizo-analog.jpg --> www3.sympatico.ca /newthing/cds mroizo-analog.jpg
2002.08.24 17:13 B C:\Documents and Settings\Janet\My Documents\My Art\newthing\cds\nodoubt-rocksteady.jpg --> www3.sympatico.ca /newthing/cds nodoubt-rocksteady.jpg
2002.08.24 17:13 B C:\Documents and Settings\Janet\My Documents\My Art\newthing\cds\pm5k-tonight.jpg --> www3.sympatico.ca /newthing/cds pm5k-tonight.jpg
2002.08.24 17:13 B C:\Documents and Settings\Janet\My Documents\My Art\newthing\cds\rancid-life.jpg --> www3.sympatico.ca /newthing/cds rancid-life.jpg
2002.08.24 17:13 B C:\Documents and Settings\Janet\My Documents\My Art\newthing\cds\rancid-split.jpg --> www3.sympatico.ca /newthing/cds rancid-split.jpg
2002.08.24 17:13 B C:\Documents and Settings\Janet\My Documents\My Art\newthing\cds\reed-transformer.jpg --> www3.sympatico.ca /newthing/cds reed-transformer.jpg
2004.02.04 12:17 B N:\My Documents\Unrared\My Geek Stuff\My Art\newthing\cds\air-virginsuicides.jpg --> ftp.goneretro.com /public_html/Unrared/My Geek Stuff/My Art/newthing/cds air-virginsuicides.jpg
2004.02.04 12:17 B N:\My Documents\Unrared\My Geek Stuff\My Art\newthing\cds\blink-takeoff.jpg --> ftp.goneretro.com /public_html/Unrared/My Geek Stuff/My Art/newthing/cds blink-takeoff.jpg
2004.02.04 12:17 B N:\My Documents\Unrared\My Geek Stuff\My Art\newthing\cds\dgen-through.jpg --> ftp.goneretro.com /public_html/Unrared/My Geek Stuff/My Art/newthing/cds dgen-through.jpg
2004.02.04 12:17 B N:\My Documents\Unrared\My Geek Stuff\My Art\newthing\cds\garbage-beautiful.jpg --> ftp.goneretro.com /public_html/Unrared/My Geek Stuff/My Art/newthing/cds garbage-beautiful.jpg
2004.02.04 12:17 B N:\My Documents\Unrared\My Geek Stuff\My Art\newthing\cds\harveypj-tbyml.jpg --> ftp.goneretro.com /public_html/Unrared/My Geek Stuff/My Art/newthing/cds harveypj-tbyml.jpg
2004.02.04 12:17 B N:\My Documents\Unrared\My Geek Stuff\My Art\newthing\cds\mbm-subliminal.jpg --> ftp.goneretro.com /public_html/Unrared/My Geek Stuff/My Art/newthing/cds mbm-subliminal.jpg
2004.02.04 12:17 B N:\My Documents\Unrared\My Geek Stuff\My Art\newthing\cds\mroizo-analog.jpg --> ftp.goneretro.com /public_html/Unrared/My Geek Stuff/My Art/newthing/cds mroizo-analog.jpg
2004.02.04 12:17 B N:\My Documents\Unrared\My Geek Stuff\My Art\newthing\cds\nodoubt-rocksteady.jpg --> ftp.goneretro.com /public_html/Unrared/My Geek Stuff/My Art/newthing/cds nodoubt-rocksteady.jpg
2004.02.04 12:17 B N:\My Documents\Unrared\My Geek Stuff\My Art\newthing\cds\pm5k-tonight.jpg --> ftp.goneretro.com /public_html/Unrared/My Geek Stuff/My Art/newthing/cds pm5k-tonight.jpg
2004.02.04 12:17 B N:\My Documents\Unrared\My Geek Stuff\My Art\newthing\cds\rancid-life.jpg --> ftp.goneretro.com /public_html/Unrared/My Geek Stuff/My Art/newthing/cds rancid-life.jpg
2004.02.04 12:17 B N:\My Documents\Unrared\My Geek Stuff\My Art\newthing\cds\rancid-split.jpg --> ftp.goneretro.com /public_html/Unrared/My Geek Stuff/My Art/newthing/cds rancid-split.jpg
2004.02.04 12:17 B N:\My Documents\Unrared\My Geek Stuff\My Art\newthing\cds\reed-transformer.jpg --> ftp.goneretro.com /public_html/Unrared/My Geek Stuff/My Art/newthing/cds reed-transformer.jpg
