2002.08.24 17:13 B C:\Documents and Settings\Janet\My Documents\My Art\newthing\diversions\air-virginsuicides.html --> www3.sympatico.ca /newthing/diversions air-virginsuicides.html
2002.08.24 17:13 B C:\Documents and Settings\Janet\My Documents\My Art\newthing\diversions\blink-takeoff.html --> www3.sympatico.ca /newthing/diversions blink-takeoff.html
2002.08.24 17:13 B C:\Documents and Settings\Janet\My Documents\My Art\newthing\diversions\cds.html --> www3.sympatico.ca /newthing/diversions cds.html
2002.08.24 17:13 B C:\Documents and Settings\Janet\My Documents\My Art\newthing\diversions\dgen-through.html --> www3.sympatico.ca /newthing/diversions dgen-through.html
2002.08.24 17:13 B C:\Documents and Settings\Janet\My Documents\My Art\newthing\diversions\ex-clothingshow.html --> www3.sympatico.ca /newthing/diversions ex-clothingshow.html
2002.08.24 17:13 B C:\Documents and Settings\Janet\My Documents\My Art\newthing\diversions\ex-garbage.html --> www3.sympatico.ca /newthing/diversions ex-garbage.html
2002.08.24 17:13 B C:\Documents and Settings\Janet\My Documents\My Art\newthing\diversions\ex-yokoono.html --> www3.sympatico.ca /newthing/diversions ex-yokoono.html
2002.08.24 17:13 B C:\Documents and Settings\Janet\My Documents\My Art\newthing\diversions\experiences.html --> www3.sympatico.ca /newthing/diversions experiences.html
2002.08.24 17:13 B C:\Documents and Settings\Janet\My Documents\My Art\newthing\diversions\garbage-beautiful.html --> www3.sympatico.ca /newthing/diversions garbage-beautiful.html
2002.08.24 17:13 B C:\Documents and Settings\Janet\My Documents\My Art\newthing\diversions\harveypj-tbyml.html --> www3.sympatico.ca /newthing/diversions harveypj-tbyml.html
2002.08.24 17:13 B C:\Documents and Settings\Janet\My Documents\My Art\newthing\diversions\index.html --> www3.sympatico.ca /newthing/diversions index.html
2002.08.24 17:13 B C:\Documents and Settings\Janet\My Documents\My Art\newthing\diversions\mbm-subliminal.html --> www3.sympatico.ca /newthing/diversions mbm-subliminal.html
2002.08.24 17:13 B C:\Documents and Settings\Janet\My Documents\My Art\newthing\diversions\menu.html --> www3.sympatico.ca /newthing/diversions menu.html
2002.08.24 17:13 B C:\Documents and Settings\Janet\My Documents\My Art\newthing\diversions\mroizo-analog.html --> www3.sympatico.ca /newthing/diversions mroizo-analog.html
2002.08.24 17:13 B C:\Documents and Settings\Janet\My Documents\My Art\newthing\diversions\nodoubt-rocksteady.html --> www3.sympatico.ca /newthing/diversions nodoubt-rocksteady.html
2002.08.24 17:13 B C:\Documents and Settings\Janet\My Documents\My Art\newthing\diversions\pm5k-tonight.html --> www3.sympatico.ca /newthing/diversions pm5k-tonight.html
2002.08.24 17:13 B C:\Documents and Settings\Janet\My Documents\My Art\newthing\diversions\rancid-life.html --> www3.sympatico.ca /newthing/diversions rancid-life.html
2002.08.24 17:13 B C:\Documents and Settings\Janet\My Documents\My Art\newthing\diversions\rancid-split.html --> www3.sympatico.ca /newthing/diversions rancid-split.html
2002.08.24 17:13 B C:\Documents and Settings\Janet\My Documents\My Art\newthing\diversions\reed-transformer.html --> www3.sympatico.ca /newthing/diversions reed-transformer.html
2002.08.24 17:13 B C:\Documents and Settings\Janet\My Documents\My Art\newthing\diversions\template-cds.html --> www3.sympatico.ca /newthing/diversions template-cds.html
2002.08.24 17:13 B C:\Documents and Settings\Janet\My Documents\My Art\newthing\diversions\template-experiences.html --> www3.sympatico.ca /newthing/diversions template-experiences.html
2004.02.04 12:17 B N:\My Documents\Unrared\My Geek Stuff\My Art\newthing\diversions\air-virginsuicides.html --> ftp.goneretro.com /public_html/Unrared/My Geek Stuff/My Art/newthing/diversions air-virginsuicides.html
2004.02.04 12:17 B N:\My Documents\Unrared\My Geek Stuff\My Art\newthing\diversions\blink-takeoff.html --> ftp.goneretro.com /public_html/Unrared/My Geek Stuff/My Art/newthing/diversions blink-takeoff.html
2004.02.04 12:17 B N:\My Documents\Unrared\My Geek Stuff\My Art\newthing\diversions\cds.html --> ftp.goneretro.com /public_html/Unrared/My Geek Stuff/My Art/newthing/diversions cds.html
2004.02.04 12:17 B N:\My Documents\Unrared\My Geek Stuff\My Art\newthing\diversions\dgen-through.html --> ftp.goneretro.com /public_html/Unrared/My Geek Stuff/My Art/newthing/diversions dgen-through.html
2004.02.04 12:17 B N:\My Documents\Unrared\My Geek Stuff\My Art\newthing\diversions\ex-clothingshow.html --> ftp.goneretro.com /public_html/Unrared/My Geek Stuff/My Art/newthing/diversions ex-clothingshow.html
2004.02.04 12:17 B N:\My Documents\Unrared\My Geek Stuff\My Art\newthing\diversions\ex-garbage.html --> ftp.goneretro.com /public_html/Unrared/My Geek Stuff/My Art/newthing/diversions ex-garbage.html
2004.02.04 12:17 B N:\My Documents\Unrared\My Geek Stuff\My Art\newthing\diversions\ex-yokoono.html --> ftp.goneretro.com /public_html/Unrared/My Geek Stuff/My Art/newthing/diversions ex-yokoono.html
2004.02.04 12:17 B N:\My Documents\Unrared\My Geek Stuff\My Art\newthing\diversions\experiences.html --> ftp.goneretro.com /public_html/Unrared/My Geek Stuff/My Art/newthing/diversions experiences.html
2004.02.04 12:17 B N:\My Documents\Unrared\My Geek Stuff\My Art\newthing\diversions\garbage-beautiful.html --> ftp.goneretro.com /public_html/Unrared/My Geek Stuff/My Art/newthing/diversions garbage-beautiful.html
2004.02.04 12:17 B N:\My Documents\Unrared\My Geek Stuff\My Art\newthing\diversions\harveypj-tbyml.html --> ftp.goneretro.com /public_html/Unrared/My Geek Stuff/My Art/newthing/diversions harveypj-tbyml.html
2004.02.04 12:17 B N:\My Documents\Unrared\My Geek Stuff\My Art\newthing\diversions\index.html --> ftp.goneretro.com /public_html/Unrared/My Geek Stuff/My Art/newthing/diversions index.html
2004.02.04 12:17 B N:\My Documents\Unrared\My Geek Stuff\My Art\newthing\diversions\mbm-subliminal.html --> ftp.goneretro.com /public_html/Unrared/My Geek Stuff/My Art/newthing/diversions mbm-subliminal.html
2004.02.04 12:17 B N:\My Documents\Unrared\My Geek Stuff\My Art\newthing\diversions\menu.html --> ftp.goneretro.com /public_html/Unrared/My Geek Stuff/My Art/newthing/diversions menu.html
2004.02.04 12:17 B N:\My Documents\Unrared\My Geek Stuff\My Art\newthing\diversions\mroizo-analog.html --> ftp.goneretro.com /public_html/Unrared/My Geek Stuff/My Art/newthing/diversions mroizo-analog.html
2004.02.04 12:17 B N:\My Documents\Unrared\My Geek Stuff\My Art\newthing\diversions\nodoubt-rocksteady.html --> ftp.goneretro.com /public_html/Unrared/My Geek Stuff/My Art/newthing/diversions nodoubt-rocksteady.html
2004.02.04 12:17 B N:\My Documents\Unrared\My Geek Stuff\My Art\newthing\diversions\pm5k-tonight.html --> ftp.goneretro.com /public_html/Unrared/My Geek Stuff/My Art/newthing/diversions pm5k-tonight.html
2004.02.04 12:17 B N:\My Documents\Unrared\My Geek Stuff\My Art\newthing\diversions\rancid-life.html --> ftp.goneretro.com /public_html/Unrared/My Geek Stuff/My Art/newthing/diversions rancid-life.html
2004.02.04 12:17 B N:\My Documents\Unrared\My Geek Stuff\My Art\newthing\diversions\rancid-split.html --> ftp.goneretro.com /public_html/Unrared/My Geek Stuff/My Art/newthing/diversions rancid-split.html
2004.02.04 12:17 B N:\My Documents\Unrared\My Geek Stuff\My Art\newthing\diversions\reed-transformer.html --> ftp.goneretro.com /public_html/Unrared/My Geek Stuff/My Art/newthing/diversions reed-transformer.html
2004.02.04 12:17 B N:\My Documents\Unrared\My Geek Stuff\My Art\newthing\diversions\template-cds.html --> ftp.goneretro.com /public_html/Unrared/My Geek Stuff/My Art/newthing/diversions template-cds.html
2004.02.04 12:17 B N:\My Documents\Unrared\My Geek Stuff\My Art\newthing\diversions\template-experiences.html --> ftp.goneretro.com /public_html/Unrared/My Geek Stuff/My Art/newthing/diversions template-experiences.html
